{
  "RSpec": {
    "coverage": {
      "/Users/davidslv/projects/personal/bitrunner/lib/bitmap_editor/image.rb": [
        1,
        null,
        1,
        1,
        1,
        null,
        1,
        null,
        1,
        6,
        null,
        6,
        1,
        null,
        null,
        5,
        null,
        518,
        null,
        null,
        1,
        16,
        null,
        null,
        1,
        21,
        null,
        null,
        1,
        2,
        null,
        null,
        null,
        null
      ]
    },
    "timestamp": 1399538323
  }
}
